<?xml version="1.0" encoding="UTF-8"?>
<!-- Generated by org.testng.reporters.JUnitReportReporter -->
<testsuite hostname="LAPTOP-CML1RU84" failures="0" tests="1" name="com.example.NewTest" time="0.457" errors="0" timestamp="2021-10-28T18:12:54 IST" skipped="0">
  <testcase classname="com.example.NewTest" name="f" time="0.457"/>
  <system-out/>
</testsuite> <!-- com.example.NewTest -->
